\BOOKMARK [0][-]{chapter*.1}{\376\377\000I\000n\000t\000r\000o\000d\000u\000c\000t\000i\000o\000n}{}% 1
\BOOKMARK [0][-]{chapter.1}{\376\377\000A\000n\000a\000l\000y\000s\000e\000\040\000F\000o\000n\000c\000t\000i\000o\000n\000n\000e\000l\000l\000e\000\040\000e\000t\000\040\000T\000e\000c\000h\000n\000i\000q\000u\000e}{}% 2
\BOOKMARK [1][-]{section.1.1}{\376\377\000A\000n\000a\000l\000y\000s\000e\000\040\000F\000o\000n\000c\000t\000i\000o\000n\000n\000e\000l\000l\000e}{chapter.1}% 3
\BOOKMARK [2][-]{subsection.1.1.1}{\376\377\000B\000\352\000t\000e\000\040\000\340\000\040\000c\000o\000r\000n\000e\000s}{section.1.1}% 4
\BOOKMARK [2][-]{subsection.1.1.2}{\376\377\000D\000i\000a\000g\000r\000a\000m\000m\000e\000\040\000P\000i\000e\000u\000v\000r\000e}{section.1.1}% 5
\BOOKMARK [1][-]{section.1.2}{\376\377\000R\000i\000c\000e\000\040\000C\000o\000o\000k\000e\000r}{chapter.1}% 6
\BOOKMARK [2][-]{subsection.1.2.1}{\376\377\000C\000a\000r\000a\000c\000t\000\351\000r\000i\000s\000t\000i\000q\000u\000e\000s\000\040\000T\000e\000c\000h\000n\000i\000q\000u\000e\000s\000\040\000d\000u\000\040\000R\000i\000c\000e\000\040\000C\000o\000o\000k\000e\000r}{section.1.2}% 7
\BOOKMARK [2][-]{subsection.1.2.2}{\376\377\000A\000l\000i\000m\000e\000n\000t\000a\000t\000i\000o\000n\000\040\000d\000u\000\040\000R\000i\000c\000e\000\040\000C\000o\000o\000k\000e\000r}{section.1.2}% 8
\BOOKMARK [2][-]{subsection.1.2.3}{\376\377\000C\000a\000r\000a\000c\000t\000\351\000r\000i\000s\000t\000i\000q\000u\000e\000s\000\040\000T\000e\000c\000h\000n\000i\000q\000u\000e\000s\000\040\000d\000u\000\040\000H\000a\000c\000h\000e\000u\000r}{section.1.2}% 9
\BOOKMARK [1][-]{section.1.3}{\376\377\000L\000u\000m\000i\000n\000a\000i\000r\000e\000s}{chapter.1}% 10
\BOOKMARK [2][-]{subsection.1.3.1}{\376\377\000F\000o\000n\000c\000t\000i\000o\000n\000s\000\040\000g\000l\000o\000b\000a\000l\000e\000s\000\040\000\050\000P\000a\000r\000t\000i\000e\000\040\000P\000u\000i\000s\000s\000a\000n\000c\000e\000\040\000-\000\040\000\311\000c\000l\000a\000i\000r\000a\000g\000e\000\051}{section.1.3}% 11
\BOOKMARK [2][-]{subsection.1.3.2}{\376\377\000C\000o\000n\000v\000e\000r\000s\000i\000o\000n\000\040\000d\000'\000\351\000n\000e\000r\000g\000i\000e\000\040\000p\000o\000u\000r\000\040\000l\000'\000\351\000c\000l\000a\000i\000r\000a\000g\000e}{section.1.3}% 12
\BOOKMARK [2][-]{subsection.1.3.3}{\376\377\000D\000i\000s\000t\000r\000i\000b\000u\000t\000i\000o\000n\000\040\000e\000t\000\040\000c\000o\000m\000m\000a\000n\000d\000e\000\040\000d\000e\000\040\000l\000'\000\351\000c\000l\000a\000i\000r\000a\000g\000e}{section.1.3}% 13
\BOOKMARK [1][-]{section.1.4}{\376\377\000R\000\351\000f\000r\000i\000g\000\351\000r\000a\000t\000e\000u\000r}{chapter.1}% 14
\BOOKMARK [2][-]{subsection.1.4.1}{\376\377\000F\000o\000n\000c\000t\000i\000o\000n\000s\000\040\000g\000l\000o\000b\000a\000l\000e\000s\000\040\000\050\000P\000a\000r\000t\000i\000e\000\040\000P\000u\000i\000s\000s\000a\000n\000c\000e\000\040\000-\000\040\000R\000\351\000f\000r\000i\000g\000\351\000r\000a\000t\000i\000o\000n\000\051}{section.1.4}% 15
\BOOKMARK [2][-]{subsection.1.4.2}{\376\377\000C\000a\000r\000a\000c\000t\000\351\000r\000i\000s\000t\000i\000q\000u\000e\000s\000\040\000d\000e\000\040\000l\000'\000\351\000q\000u\000i\000p\000e\000m\000e\000n\000t}{section.1.4}% 16
\BOOKMARK [2][-]{subsection.1.4.3}{\376\377\000T\000e\000s\000t\000s\000\040\000e\000t\000\040\000a\000n\000a\000l\000y\000s\000e\000\040\000d\000e\000\040\000c\000o\000n\000s\000o\000m\000m\000a\000t\000i\000o\000n}{section.1.4}% 17
\BOOKMARK [1][-]{section.1.5}{\376\377\000D\000i\000s\000t\000r\000i\000b\000u\000t\000i\000o\000n\000\040\000P\000o\000r\000t\000s\000\040\000U\000S\000B}{chapter.1}% 18
\BOOKMARK [2][-]{subsection.1.5.1}{\376\377\000F\000o\000n\000c\000t\000i\000o\000n\000s\000\040\000g\000l\000o\000b\000a\000l\000e\000s\000\040\000\050\000P\000a\000r\000t\000i\000e\000\040\000P\000u\000i\000s\000s\000a\000n\000c\000e\000\051}{section.1.5}% 19
\BOOKMARK [2][-]{subsection.1.5.2}{\376\377\000U\000S\000B\000-\000B\000\040\000\050\0005\000V\000/\0002\000A\000\051}{section.1.5}% 20
\BOOKMARK [2][-]{subsection.1.5.3}{\376\377\000U\000S\000B\000-\000C\000\040\000\050\0002\0000\000V\000/\0005\000A\000\051}{section.1.5}% 21
\BOOKMARK [1][-]{section.1.6}{\376\377\000M\000o\000n\000i\000t\000o\000r\000i\000n\000g}{chapter.1}% 22
\BOOKMARK [2][-]{subsection.1.6.1}{\376\377\000R\000e\000l\000e\000v\000\351\000\040\000d\000e\000s\000\040\000g\000r\000a\000n\000d\000e\000u\000r\000s\000\040\000\351\000l\000e\000c\000t\000r\000i\000q\000u\000e\000s\000\040\000d\000u\000\040\000s\000y\000s\000t\000\350\000m\000e}{section.1.6}% 23
\BOOKMARK [2][-]{subsection.1.6.2}{\376\377\000T\000r\000a\000i\000t\000e\000m\000e\000n\000t\000\040\000e\000t\000\040\000a\000n\000a\000l\000y\000s\000e\000\040\000d\000e\000s\000\040\000d\000o\000n\000n\000\351\000e\000s}{section.1.6}% 24
\BOOKMARK [2][-]{subsection.1.6.3}{\376\377\000C\000o\000m\000m\000u\000n\000i\000c\000a\000t\000i\000o\000n\000\040\000e\000n\000t\000r\000e\000\040\000l\000e\000s\000\040\000d\000i\000s\000p\000o\000s\000i\000t\000i\000f\000s}{section.1.6}% 25
\BOOKMARK [0][-]{section*.9}{\376\377\000A\000n\000n\000e\000x\000e\000s}{}% 26
